[Sun Aug 30 16:20:28 2015] ::1:50671 [200]: /app/view/css/lib.css
[Sun Aug 30 16:20:28 2015] ::1:50672 [200]: /app/view/css/bolt.css
[Sun Aug 30 16:20:28 2015] ::1:50673 [200]: /app/view/js/lib.min.js
[Sun Aug 30 16:20:28 2015] ::1:50674 [200]: /app/view/js/locale/datepicker/en_GB.min.js
[Sun Aug 30 16:20:28 2015] ::1:50675 [200]: /app/view/js/locale/moment/en_GB.min.js
[Sun Aug 30 16:20:28 2015] ::1:50676 [200]: /app/view/js/bolt.min.js
[Sun Aug 30 16:20:28 2015] ::1:50677 [200]: /app/view/img/bolt-logo.png
[Sun Aug 30 16:20:28 2015] ::1:50678 [200]: /app/view/fonts/fontawesome-webfont.woff?v=4.3.0
[Sun Aug 30 16:20:28 2015] ::1:50679 [200]: /app/view/img/favicon-bolt.ico
[Sun Aug 30 16:23:15 2015] ::1:50711 [200]: /app/view/css/lib.css
[Sun Aug 30 16:23:15 2015] ::1:50712 [200]: /app/view/css/bolt.css
[Sun Aug 30 16:23:15 2015] ::1:50713 [200]: /app/view/js/locale/datepicker/en_GB.min.js
[Sun Aug 30 16:23:15 2015] ::1:50714 [200]: /app/view/js/locale/moment/en_GB.min.js
[Sun Aug 30 16:23:15 2015] ::1:50715 [200]: /app/view/js/lib.min.js
[Sun Aug 30 16:23:15 2015] ::1:50716 [200]: /app/view/js/bolt.min.js
[Sun Aug 30 16:23:16 2015] ::1:50717 [200]: /app/view/img/bolt-logo.png
[Sun Aug 30 16:23:16 2015] ::1:50718 [200]: /app/view/fonts/fontawesome-webfont.woff?v=4.3.0
[Sun Aug 30 16:23:33 2015] ::1:50730 [200]: /app/view/css/lib.css
[Sun Aug 30 16:23:33 2015] ::1:50731 [200]: /app/view/css/bolt.css
[Sun Aug 30 16:23:33 2015] ::1:50733 [200]: /app/view/js/locale/datepicker/en_GB.min.js
[Sun Aug 30 16:23:33 2015] ::1:50732 [200]: /app/view/js/lib.min.js
[Sun Aug 30 16:23:33 2015] ::1:50735 [200]: /app/view/js/bolt.min.js
[Sun Aug 30 16:23:33 2015] ::1:50734 [200]: /app/view/js/locale/moment/en_GB.min.js
[Sun Aug 30 16:23:33 2015] ::1:50737 [200]: /app/view/fonts/fontawesome-webfont.woff?v=4.3.0
[Sun Aug 30 16:23:33 2015] ::1:50739 [200]: /app/view/fonts/SourceSansPro-Regular.woff
[Sun Aug 30 16:23:33 2015] ::1:50738 [200]: /app/view/fonts/SourceSansPro-Semibold.woff
[Sun Aug 30 16:24:27 2015] ::1:50763 [200]: /app/view/css/lib.css
[Sun Aug 30 16:24:27 2015] ::1:50764 [200]: /app/view/css/bolt.css
[Sun Aug 30 16:24:27 2015] ::1:50765 [200]: /app/view/js/locale/datepicker/en_GB.min.js
[Sun Aug 30 16:24:27 2015] ::1:50766 [200]: /app/view/js/lib.min.js
[Sun Aug 30 16:24:27 2015] ::1:50767 [200]: /app/view/js/locale/moment/en_GB.min.js
[Sun Aug 30 16:24:27 2015] ::1:50768 [200]: /app/view/js/bolt.min.js
[Sun Aug 30 16:24:28 2015] ::1:50771 [200]: /app/view/fonts/SourceSansPro-Semibold.woff
[Sun Aug 30 16:24:28 2015] ::1:50770 [200]: /app/view/fonts/SourceSansPro-Regular.woff
[Sun Aug 30 16:24:28 2015] ::1:50772 [200]: /app/view/fonts/fontawesome-webfont.woff?v=4.3.0
[Sun Aug 30 16:24:55 2015] ::1:50774 [200]: /theme/base-2014/css/foundation.css
[Sun Aug 30 16:24:55 2015] ::1:50775 [200]: /theme/base-2014/css/app.css
[Sun Aug 30 16:24:55 2015] ::1:50776 [200]: /theme/base-2014/css/magnific-popup.css
[Sun Aug 30 16:24:55 2015] ::1:50777 [200]: /theme/base-2014/images/boat-lake-landing-stage-2535.jpg
[Sun Aug 30 16:24:56 2015] ::1:50782 [200]: /theme/base-2014/javascripts/jquery-2.1.0.min.js
[Sun Aug 30 16:24:56 2015] ::1:50784 [200]: /theme/base-2014/javascripts/foundation.min.js
[Sun Aug 30 16:24:56 2015] ::1:50785 [200]: /theme/base-2014/javascripts/jquery.magnific-popup.min.js
[Sun Aug 30 16:24:56 2015] ::1:50786 [200]: /theme/base-2014/javascripts/modernizr.js
[Sun Aug 30 16:24:56 2015] ::1:50787 [200]: /theme/base-2014/javascripts/app.js
[Sun Aug 30 16:25:13 2015] ::1:50798 [200]: /app/view/css/lib.css
[Sun Aug 30 16:25:13 2015] ::1:50799 [200]: /app/view/css/bolt.css
[Sun Aug 30 16:25:13 2015] ::1:50800 [200]: /app/view/js/lib.min.js
[Sun Aug 30 16:25:13 2015] ::1:50801 [200]: /app/view/js/locale/datepicker/en_GB.min.js
[Sun Aug 30 16:25:13 2015] ::1:50802 [200]: /app/view/js/locale/moment/en_GB.min.js
[Sun Aug 30 16:25:13 2015] ::1:50803 [200]: /app/view/js/bolt.min.js
[Sun Aug 30 16:25:14 2015] ::1:50810 [200]: /app/view/fonts/SourceSansPro-Semibold.woff
[Sun Aug 30 16:25:14 2015] ::1:50811 [200]: /app/view/fonts/SourceSansPro-Regular.woff
[Sun Aug 30 16:25:14 2015] ::1:50812 [200]: /app/view/fonts/fontawesome-webfont.woff?v=4.3.0
[Sun Aug 30 16:25:23 2015] ::1:50814 [200]: /app/view/css/lib.css
[Sun Aug 30 16:25:23 2015] ::1:50815 [200]: /app/view/css/bolt.css
[Sun Aug 30 16:25:23 2015] ::1:50816 [200]: /app/view/js/lib.min.js
[Sun Aug 30 16:25:23 2015] ::1:50817 [200]: /app/view/js/locale/moment/en_GB.min.js
[Sun Aug 30 16:25:23 2015] ::1:50818 [200]: /app/view/js/locale/datepicker/en_GB.min.js
[Sun Aug 30 16:25:23 2015] ::1:50819 [200]: /app/view/js/bolt.min.js
[Sun Aug 30 16:25:23 2015] ::1:50824 [200]: /app/view/fonts/SourceSansPro-Regular.woff
[Sun Aug 30 16:25:23 2015] ::1:50825 [200]: /app/view/fonts/SourceSansPro-Semibold.woff
[Sun Aug 30 16:25:23 2015] ::1:50826 [200]: /app/view/fonts/fontawesome-webfont.woff?v=4.3.0
[Sun Aug 30 16:25:29 2015] ::1:50829 [200]: /app/view/css/lib.css
[Sun Aug 30 16:25:29 2015] ::1:50830 [200]: /app/view/css/bolt.css
[Sun Aug 30 16:25:29 2015] ::1:50831 [200]: /app/view/js/lib.min.js
[Sun Aug 30 16:25:29 2015] ::1:50832 [200]: /app/view/js/locale/datepicker/en_GB.min.js
[Sun Aug 30 16:25:29 2015] ::1:50833 [200]: /app/view/js/bolt.min.js
[Sun Aug 30 16:25:29 2015] ::1:50834 [200]: /app/view/js/locale/moment/en_GB.min.js
[Sun Aug 30 16:25:30 2015] ::1:50841 [200]: /app/view/fonts/SourceSansPro-Semibold.woff
[Sun Aug 30 16:25:30 2015] ::1:50839 [200]: /app/view/fonts/SourceSansPro-Regular.woff
[Sun Aug 30 16:25:30 2015] ::1:50840 [200]: /app/view/fonts/fontawesome-webfont.woff?v=4.3.0
[Sun Aug 30 16:25:56 2015] ::1:50844 [200]: /app/view/css/lib.css
[Sun Aug 30 16:25:56 2015] ::1:50845 [200]: /app/view/css/bolt.css
[Sun Aug 30 16:25:56 2015] ::1:50846 [200]: /app/view/js/lib.min.js
[Sun Aug 30 16:25:56 2015] ::1:50847 [200]: /app/view/js/bolt.min.js
[Sun Aug 30 16:25:56 2015] ::1:50848 [200]: /app/view/js/locale/datepicker/en_GB.min.js
[Sun Aug 30 16:25:56 2015] ::1:50849 [200]: /app/view/js/locale/moment/en_GB.min.js
[Sun Aug 30 16:25:56 2015] ::1:50855 [200]: /app/view/fonts/fontawesome-webfont.woff?v=4.3.0
[Sun Aug 30 16:25:56 2015] ::1:50856 [200]: /app/view/fonts/SourceSansPro-Semibold.woff
[Sun Aug 30 16:25:56 2015] ::1:50854 [200]: /app/view/fonts/SourceSansPro-Regular.woff
[Sun Aug 30 16:26:10 2015] ::1:50858 [200]: /theme/base-2014/css/foundation.css
[Sun Aug 30 16:26:10 2015] ::1:50859 [200]: /theme/base-2014/css/magnific-popup.css
[Sun Aug 30 16:26:10 2015] ::1:50860 [200]: /theme/base-2014/css/app.css
[Sun Aug 30 16:26:10 2015] ::1:50861 [200]: /theme/base-2014/images/daisies-flowers-grass-623.jpg
[Sun Aug 30 16:26:10 2015] ::1:50863 [200]: /theme/base-2014/javascripts/jquery-2.1.0.min.js
[Sun Aug 30 16:26:10 2015] ::1:50864 [200]: /theme/base-2014/javascripts/foundation.min.js
[Sun Aug 30 16:26:10 2015] ::1:50865 [200]: /theme/base-2014/javascripts/modernizr.js
[Sun Aug 30 16:26:10 2015] ::1:50866 [200]: /theme/base-2014/javascripts/jquery.magnific-popup.min.js
[Sun Aug 30 16:26:10 2015] ::1:50867 [200]: /theme/base-2014/javascripts/app.js
[Sun Aug 30 16:26:15 2015] ::1:50870 [200]: /app/view/css/lib.css
[Sun Aug 30 16:26:15 2015] ::1:50871 [200]: /app/view/css/bolt.css
[Sun Aug 30 16:26:15 2015] ::1:50872 [200]: /app/view/js/lib.min.js
[Sun Aug 30 16:26:15 2015] ::1:50873 [200]: /app/view/js/locale/datepicker/en_GB.min.js
[Sun Aug 30 16:26:15 2015] ::1:50874 [200]: /app/view/js/locale/moment/en_GB.min.js
[Sun Aug 30 16:26:15 2015] ::1:50875 [200]: /app/view/js/bolt.min.js
[Sun Aug 30 16:26:16 2015] ::1:50883 [200]: /app/view/fonts/SourceSansPro-Regular.woff
[Sun Aug 30 16:26:16 2015] ::1:50884 [200]: /app/view/fonts/SourceSansPro-Semibold.woff
[Sun Aug 30 16:26:16 2015] ::1:50885 [200]: /app/view/fonts/fontawesome-webfont.woff?v=4.3.0
[Sun Aug 30 16:26:29 2015] ::1:50890 [200]: /app/view/css/lib.css
[Sun Aug 30 16:26:29 2015] ::1:50891 [200]: /app/view/css/bolt.css
[Sun Aug 30 16:26:29 2015] ::1:50894 [200]: /app/view/js/lib.min.js
[Sun Aug 30 16:26:29 2015] ::1:50892 [200]: /app/view/js/locale/datepicker/en_GB.min.js
[Sun Aug 30 16:26:29 2015] ::1:50893 [200]: /app/view/js/locale/moment/en_GB.min.js
[Sun Aug 30 16:26:29 2015] ::1:50895 [200]: /app/view/js/ckeditor/plugins/codemirror/css/codemirror.min.css
[Sun Aug 30 16:26:29 2015] ::1:50896 [200]: /app/view/js/ckeditor/ckeditor.js
[Sun Aug 30 16:26:29 2015] ::1:50897 [200]: /app/view/js/ckeditor/plugins/codemirror/plugins/yaml.min.js
[Sun Aug 30 16:26:29 2015] ::1:50899 [200]: /app/view/js/bolt.min.js
[Sun Aug 30 16:26:29 2015] ::1:50898 [200]: /app/view/js/ckeditor/plugins/codemirror/js/codemirror.min.js
[Sun Aug 30 16:26:29 2015] ::1:50901 [200]: /app/view/fonts/SourceSansPro-Regular.woff
[Sun Aug 30 16:26:29 2015] ::1:50902 [200]: /app/view/fonts/SourceSansPro-Semibold.woff
[Sun Aug 30 16:26:29 2015] ::1:50903 [200]: /app/view/fonts/fontawesome-webfont.woff?v=4.3.0
[Sun Aug 30 16:26:46 2015] ::1:50905 [200]: /app/view/css/lib.css
[Sun Aug 30 16:26:46 2015] ::1:50906 [200]: /app/view/css/bolt.css
[Sun Aug 30 16:26:46 2015] ::1:50908 [200]: /app/view/js/lib.min.js
[Sun Aug 30 16:26:46 2015] ::1:50909 [200]: /app/view/js/locale/moment/en_GB.min.js
[Sun Aug 30 16:26:46 2015] ::1:50910 [200]: /app/view/js/ckeditor/plugins/codemirror/css/codemirror.min.css
[Sun Aug 30 16:26:46 2015] ::1:50907 [200]: /app/view/js/locale/datepicker/en_GB.min.js
[Sun Aug 30 16:26:46 2015] ::1:50911 [200]: /app/view/js/ckeditor/plugins/codemirror/plugins/yaml.min.js
[Sun Aug 30 16:26:46 2015] ::1:50912 [200]: /app/view/js/ckeditor/plugins/codemirror/js/codemirror.min.js
[Sun Aug 30 16:26:46 2015] ::1:50913 [200]: /app/view/js/bolt.min.js
[Sun Aug 30 16:26:46 2015] ::1:50914 [200]: /app/view/js/ckeditor/ckeditor.js
[Sun Aug 30 16:26:46 2015] ::1:50916 [200]: /app/view/fonts/fontawesome-webfont.woff?v=4.3.0
[Sun Aug 30 16:26:46 2015] ::1:50918 [200]: /app/view/fonts/SourceSansPro-Regular.woff
[Sun Aug 30 16:26:46 2015] ::1:50917 [200]: /app/view/fonts/SourceSansPro-Semibold.woff
[Sun Aug 30 16:32:11 2015] ::1:50971 [200]: /theme/base-2014/css/foundation.css
[Sun Aug 30 16:32:11 2015] ::1:50972 [200]: /theme/base-2014/css/app.css
[Sun Aug 30 16:32:11 2015] ::1:50973 [200]: /theme/base-2014/css/magnific-popup.css
[Sun Aug 30 16:32:11 2015] ::1:50974 [200]: /theme/base-2014/images/dark-clouds-grass-landscape-405.jpg
[Sun Aug 30 16:32:12 2015] ::1:50977 [200]: /theme/base-2014/javascripts/foundation.min.js
[Sun Aug 30 16:32:12 2015] ::1:50976 [200]: /theme/base-2014/javascripts/jquery-2.1.0.min.js
[Sun Aug 30 16:32:12 2015] ::1:50978 [200]: /theme/base-2014/javascripts/modernizr.js
[Sun Aug 30 16:32:12 2015] ::1:50979 [200]: /theme/base-2014/javascripts/jquery.magnific-popup.min.js
[Sun Aug 30 16:32:12 2015] ::1:50980 [200]: /theme/base-2014/javascripts/app.js
[Sun Aug 30 16:32:13 2015] ::1:50984 [200]: /files/configure-disc-jockey-disco-1504.jpg
[Sun Aug 30 16:33:28 2015] ::1:50999 [200]: /theme/aaronstockdill/scripts/min/main-min.js
[Sun Aug 30 16:34:09 2015] ::1:51011 [200]: /theme/aaronstockdill/scripts/min/main-min.js
[Sun Aug 30 16:35:59 2015] ::1:51058 [200]: /theme/aaronstockdill/scripts/min/main-min.js
[Sun Aug 30 16:35:59 2015] ::1:51057 [200]: /theme/aaronstockdill/css/master.css
[Sun Aug 30 16:36:00 2015] ::1:51061 [200]: /theme/aaronstockdill/css/cmunrm.otf
[Sun Aug 30 16:38:56 2015] ::1:51084 [200]: /theme/aaronstockdill/scripts/min/main-min.js
[Sun Aug 30 16:38:56 2015] ::1:51082 [200]: /theme/aaronstockdill/css/master.css
[Sun Aug 30 16:38:57 2015] ::1:51088 [200]: /theme/aaronstockdill/css/cmunrm.otf
[Sun Aug 30 16:39:32 2015] ::1:51095 [200]: /theme/aaronstockdill/css/master.css
[Sun Aug 30 16:39:32 2015] ::1:51097 [200]: /theme/aaronstockdill/scripts/min/main-min.js
[Sun Aug 30 16:39:33 2015] ::1:51099 [200]: /theme/aaronstockdill/css/cmunrm.otf
[Sun Aug 30 16:42:31 2015] ::1:51161 [200]: /theme/aaronstockdill/css/master.css
[Sun Aug 30 16:42:32 2015] ::1:51163 [200]: /theme/aaronstockdill/scripts/min/main-min.js
[Sun Aug 30 16:42:32 2015] ::1:51165 [200]: /theme/aaronstockdill/css/cmunrm.otf
[Sun Aug 30 16:43:04 2015] ::1:51230 [200]: /theme/aaronstockdill/scripts/min/main-min.js
[Sun Aug 30 16:43:04 2015] ::1:51228 [200]: /theme/aaronstockdill/css/master.css
[Sun Aug 30 16:43:05 2015] ::1:51232 [200]: /theme/aaronstockdill/css/cmunrm.otf
[Sun Aug 30 16:43:05 2015] ::1:51233 [200]: /files/building-frame-garage-1599.jpg
[Sun Aug 30 16:43:15 2015] ::1:51241 [200]: /theme/aaronstockdill/css/master.css
[Sun Aug 30 16:43:15 2015] ::1:51246 [200]: /theme/aaronstockdill/scripts/min/main-min.js
[Sun Aug 30 16:43:16 2015] ::1:51247 [200]: /theme/aaronstockdill/css/cmunrm.otf
[Sun Aug 30 16:43:16 2015] ::1:51249 [200]: /files/alarm-clock-gold-hands-of-a-clock-1778.jpg
[Sun Aug 30 16:44:21 2015] ::1:51260 [200]: /theme/aaronstockdill/css/master.css
[Sun Aug 30 16:44:21 2015] ::1:51265 [200]: /theme/aaronstockdill/scripts/min/main-min.js
[Sun Aug 30 16:44:21 2015] ::1:51266 [200]: /theme/aaronstockdill/css/cmunrm.otf
[Sun Aug 30 16:47:05 2015] ::1:51304 [200]: /theme/aaronstockdill/css/master.css
[Sun Aug 30 16:47:05 2015] ::1:51309 [200]: /theme/aaronstockdill/scripts/min/main-min.js
[Sun Aug 30 16:47:06 2015] ::1:51312 [200]: /theme/aaronstockdill/css/cmunrm.otf
[Sun Aug 30 16:47:17 2015] ::1:51321 [200]: /theme/aaronstockdill/scripts/min/main-min.js
[Sun Aug 30 16:47:17 2015] ::1:51317 [200]: /theme/aaronstockdill/css/master.css
[Sun Aug 30 16:47:18 2015] ::1:51323 [200]: /theme/aaronstockdill/css/cmunrm.otf
[Sun Aug 30 16:47:54 2015] ::1:51325 [200]: /theme/aaronstockdill/css/master.css
[Sun Aug 30 16:47:54 2015] ::1:51330 [200]: /theme/aaronstockdill/scripts/min/main-min.js
[Sun Aug 30 16:47:54 2015] ::1:51331 [200]: /theme/aaronstockdill/css/cmunrm.otf
[Sun Aug 30 16:48:08 2015] ::1:51339 [200]: /theme/aaronstockdill/scripts/min/main-min.js
[Sun Aug 30 16:48:08 2015] ::1:51337 [200]: /theme/aaronstockdill/css/master.css
[Sun Aug 30 16:48:09 2015] ::1:51341 [200]: /theme/aaronstockdill/css/cmunrm.otf
[Sun Aug 30 16:49:12 2015] ::1:51349 [200]: /theme/aaronstockdill/css/master.css
[Sun Aug 30 16:49:12 2015] ::1:51353 [200]: /theme/aaronstockdill/scripts/min/main-min.js
[Sun Aug 30 16:49:13 2015] ::1:51356 [200]: /theme/aaronstockdill/css/cmunrm.otf
[Sun Aug 30 16:49:23 2015] ::1:51365 [200]: /theme/aaronstockdill/scripts/min/main-min.js
[Sun Aug 30 16:49:23 2015] ::1:51362 [200]: /theme/aaronstockdill/css/master.css
[Sun Aug 30 16:49:24 2015] ::1:51367 [200]: /theme/aaronstockdill/css/cmunrm.otf
[Sun Aug 30 16:49:40 2015] ::1:51370 [200]: /theme/aaronstockdill/css/master.css
[Sun Aug 30 16:49:40 2015] ::1:51373 [200]: /theme/aaronstockdill/scripts/min/main-min.js
[Sun Aug 30 16:49:41 2015] ::1:51375 [200]: /theme/aaronstockdill/css/cmunrm.otf
[Sun Aug 30 16:50:01 2015] ::1:51377 [200]: /theme/aaronstockdill/css/master.css
[Sun Aug 30 16:50:01 2015] ::1:51381 [200]: /theme/aaronstockdill/scripts/min/main-min.js
[Sun Aug 30 16:50:01 2015] ::1:51383 [200]: /theme/aaronstockdill/css/cmunrm.otf
[Sun Aug 30 16:51:55 2015] ::1:51412 [200]: /theme/aaronstockdill/css/master.css
[Sun Aug 30 16:51:55 2015] ::1:51414 [200]: /theme/aaronstockdill/scripts/min/main-min.js
[Sun Aug 30 16:51:55 2015] ::1:51416 [200]: /theme/aaronstockdill/css/cmunrm.otf
[Sun Aug 30 16:52:45 2015] ::1:51419 [200]: /theme/aaronstockdill/css/master.css
[Sun Aug 30 16:52:45 2015] ::1:51421 [200]: /theme/aaronstockdill/scripts/min/main-min.js
[Sun Aug 30 16:52:46 2015] ::1:51423 [200]: /theme/aaronstockdill/css/cmunrm.otf
[Sun Aug 30 16:52:57 2015] ::1:51430 [200]: /theme/aaronstockdill/scripts/min/main-min.js
[Sun Aug 30 16:52:57 2015] ::1:51429 [200]: /theme/aaronstockdill/css/master.css
[Sun Aug 30 16:52:58 2015] ::1:51433 [200]: /theme/aaronstockdill/css/cmunrm.otf
[Sun Aug 30 16:53:08 2015] ::1:51435 [200]: /theme/aaronstockdill/css/master.css
[Sun Aug 30 16:53:08 2015] ::1:51437 [200]: /theme/aaronstockdill/scripts/min/main-min.js
[Sun Aug 30 16:53:08 2015] ::1:51439 [200]: /theme/aaronstockdill/css/cmunrm.otf
[Sun Aug 30 16:53:22 2015] ::1:51441 [200]: /app/view/css/lib.css
[Sun Aug 30 16:53:22 2015] ::1:51442 [200]: /app/view/css/bolt.css
[Sun Aug 30 16:53:22 2015] ::1:51444 [200]: /app/view/js/locale/datepicker/en_GB.min.js
[Sun Aug 30 16:53:22 2015] ::1:51443 [200]: /app/view/js/lib.min.js
[Sun Aug 30 16:53:22 2015] ::1:51445 [200]: /app/view/js/locale/moment/en_GB.min.js
[Sun Aug 30 16:53:22 2015] ::1:51446 [200]: /app/view/js/bolt.min.js
[Sun Aug 30 16:53:22 2015] ::1:51452 [200]: /app/view/fonts/SourceSansPro-Regular.woff
[Sun Aug 30 16:53:22 2015] ::1:51451 [200]: /app/view/fonts/SourceSansPro-Semibold.woff
[Sun Aug 30 16:53:22 2015] ::1:51453 [200]: /app/view/fonts/fontawesome-webfont.woff?v=4.3.0
[Sun Aug 30 16:53:24 2015] ::1:51455 [200]: /app/view/css/lib.css
[Sun Aug 30 16:53:24 2015] ::1:51456 [200]: /app/view/css/bolt.css
[Sun Aug 30 16:53:24 2015] ::1:51457 [200]: /app/view/js/lib.min.js
[Sun Aug 30 16:53:24 2015] ::1:51458 [200]: /app/view/js/locale/moment/en_GB.min.js
[Sun Aug 30 16:53:24 2015] ::1:51459 [200]: /app/view/js/bolt.min.js
[Sun Aug 30 16:53:24 2015] ::1:51460 [200]: /app/view/js/locale/datepicker/en_GB.min.js
[Sun Aug 30 16:53:24 2015] ::1:51461 [200]: /app/view/js/ckeditor/ckeditor.js
[Sun Aug 30 16:53:24 2015] ::1:51463 [200]: /app/view/img/default_empty_4x3.png
[Sun Aug 30 16:53:25 2015] ::1:51467 [200]: /app/view/img/lib/jquery-ui-bg_flat_75_ffffff_40x100.png
[Sun Aug 30 16:53:25 2015] ::1:51468 [200]: /app/view/fonts/SourceSansPro-Semibold.woff
[Sun Aug 30 16:53:25 2015] ::1:51469 [200]: /app/view/fonts/SourceSansPro-Regular.woff
[Sun Aug 30 16:53:25 2015] ::1:51470 [200]: /app/view/js/ckeditor/config.js?t=F0RD
[Sun Aug 30 16:53:25 2015] ::1:51471 [200]: /app/view/fonts/fontawesome-webfont.woff?v=4.3.0
[Sun Aug 30 16:53:25 2015] ::1:51472 [200]: /app/view/img/lib/select2-select2x2.png
[Sun Aug 30 16:53:25 2015] ::1:51473 [200]: /app/view/js/ckeditor/skins/boltcke/skin.js?t=F0RD
[Sun Aug 30 16:53:25 2015] ::1:51474 [200]: /app/view/js/ckeditor/skins/boltcke/editor.css?t=F0RD
[Sun Aug 30 16:53:25 2015] ::1:51475 [200]: /app/view/js/locale/ckeditor/en.js?t=F0RD
[Sun Aug 30 16:53:25 2015] ::1:51476 [200]: /app/view/js/ckeditor/styles.js?t=F0RD
[Sun Aug 30 16:53:25 2015] ::1:51477 [200]: /app/view/js/ckeditor/plugins/oembed/libs/jquery.oembed.min.js?t=F0RD
[Sun Aug 30 16:53:25 2015] ::1:51478 [200]: /app/view/js/ckeditor/plugins/codesnippet/lib/highlight/highlight.pack.js
[Sun Aug 30 16:53:25 2015] ::1:51479 [200]: /app/view/js/ckeditor/skins/boltcke/icons_hidpi.png
[Sun Aug 30 16:53:25 2015] ::1:51480 [200]: /app/view/css/ckeditor-contents.css
[Sun Aug 30 16:53:25 2015] ::1:51481 [200]: /app/view/css/ckeditor.css
[Sun Aug 30 16:53:25 2015] ::1:51482 [200]: /app/view/js/ckeditor/plugins/codesnippet/lib/highlight/styles/default.css
[Sun Aug 30 16:53:49 2015] ::1:51485 [200]: /app/view/css/lib.css
[Sun Aug 30 16:53:49 2015] ::1:51486 [200]: /app/view/css/bolt.css
[Sun Aug 30 16:53:49 2015] ::1:51487 [200]: /app/view/js/lib.min.js
[Sun Aug 30 16:53:49 2015] ::1:51488 [200]: /app/view/js/locale/datepicker/en_GB.min.js
[Sun Aug 30 16:53:49 2015] ::1:51489 [200]: /app/view/js/locale/moment/en_GB.min.js
[Sun Aug 30 16:53:49 2015] ::1:51491 [200]: /app/view/js/ckeditor/plugins/codemirror/plugins/yaml.min.js
[Sun Aug 30 16:53:49 2015] ::1:51490 [200]: /app/view/js/ckeditor/plugins/codemirror/css/codemirror.min.css
[Sun Aug 30 16:53:49 2015] ::1:51492 [200]: /app/view/js/ckeditor/plugins/codemirror/js/codemirror.min.js
[Sun Aug 30 16:53:49 2015] ::1:51493 [200]: /app/view/js/bolt.min.js
[Sun Aug 30 16:53:49 2015] ::1:51494 [200]: /app/view/js/ckeditor/ckeditor.js
[Sun Aug 30 16:53:50 2015] ::1:51496 [200]: /app/view/fonts/SourceSansPro-Regular.woff
[Sun Aug 30 16:53:50 2015] ::1:51497 [200]: /app/view/fonts/fontawesome-webfont.woff?v=4.3.0
[Sun Aug 30 16:53:50 2015] ::1:51498 [200]: /app/view/fonts/SourceSansPro-Semibold.woff
[Sun Aug 30 16:54:46 2015] ::1:51500 [200]: /app/view/css/lib.css
[Sun Aug 30 16:54:46 2015] ::1:51501 [200]: /app/view/css/bolt.css
[Sun Aug 30 16:54:46 2015] ::1:51502 [200]: /app/view/js/lib.min.js
[Sun Aug 30 16:54:46 2015] ::1:51503 [200]: /app/view/js/locale/datepicker/en_GB.min.js
[Sun Aug 30 16:54:46 2015] ::1:51504 [200]: /app/view/js/locale/moment/en_GB.min.js
[Sun Aug 30 16:54:46 2015] ::1:51505 [200]: /app/view/js/bolt.min.js
[Sun Aug 30 16:54:47 2015] ::1:51513 [200]: /app/view/fonts/SourceSansPro-Semibold.woff
[Sun Aug 30 16:54:47 2015] ::1:51514 [200]: /app/view/fonts/fontawesome-webfont.woff?v=4.3.0
[Sun Aug 30 16:54:47 2015] ::1:51515 [200]: /app/view/fonts/SourceSansPro-Regular.woff
[Sun Aug 30 16:54:54 2015] ::1:51532 [200]: /app/view/css/lib.css
[Sun Aug 30 16:54:54 2015] ::1:51533 [200]: /app/view/css/bolt.css
[Sun Aug 30 16:54:54 2015] ::1:51534 [200]: /app/view/js/locale/datepicker/en_GB.min.js
[Sun Aug 30 16:54:54 2015] ::1:51535 [200]: /app/view/js/locale/moment/en_GB.min.js
[Sun Aug 30 16:54:54 2015] ::1:51536 [200]: /app/view/js/lib.min.js
[Sun Aug 30 16:54:54 2015] ::1:51538 [200]: /app/view/js/ckeditor/plugins/codemirror/js/codemirror.min.js
[Sun Aug 30 16:54:54 2015] ::1:51537 [200]: /app/view/js/ckeditor/plugins/codemirror/css/codemirror.min.css
[Sun Aug 30 16:54:54 2015] ::1:51539 [200]: /app/view/js/bolt.min.js
[Sun Aug 30 16:54:54 2015] ::1:51540 [200]: /app/view/js/ckeditor/plugins/codemirror/plugins/xml.min.js
[Sun Aug 30 16:54:54 2015] ::1:51542 [200]: /app/view/js/ckeditor/plugins/codemirror/plugins/javascript.min.js
[Sun Aug 30 16:54:54 2015] ::1:51541 [200]: /app/view/js/ckeditor/plugins/codemirror/plugins/htmlmixed.min.js
[Sun Aug 30 16:54:54 2015] ::1:51543 [200]: /app/view/js/ckeditor/ckeditor.js
[Sun Aug 30 16:54:54 2015] ::1:51544 [200]: /app/view/js/ckeditor/plugins/codemirror/plugins/css.min.js
[Sun Aug 30 16:54:54 2015] ::1:51546 [200]: /app/view/fonts/SourceSansPro-Semibold.woff
[Sun Aug 30 16:54:54 2015] ::1:51547 [200]: /app/view/fonts/fontawesome-webfont.woff?v=4.3.0
[Sun Aug 30 16:54:54 2015] ::1:51548 [200]: /app/view/fonts/SourceSansPro-Regular.woff
[Sun Aug 30 16:55:02 2015] ::1:51553 [200]: /app/view/css/lib.css
[Sun Aug 30 16:55:02 2015] ::1:51554 [200]: /app/view/css/bolt.css
[Sun Aug 30 16:55:02 2015] ::1:51555 [200]: /app/view/js/locale/datepicker/en_GB.min.js
[Sun Aug 30 16:55:02 2015] ::1:51556 [200]: /app/view/js/lib.min.js
[Sun Aug 30 16:55:02 2015] ::1:51557 [200]: /app/view/js/ckeditor/plugins/codemirror/css/codemirror.min.css
[Sun Aug 30 16:55:02 2015] ::1:51558 [200]: /app/view/js/locale/moment/en_GB.min.js
[Sun Aug 30 16:55:02 2015] ::1:51559 [200]: /app/view/js/ckeditor/plugins/codemirror/js/codemirror.min.js
[Sun Aug 30 16:55:02 2015] ::1:51560 [200]: /app/view/js/ckeditor/plugins/codemirror/plugins/yaml.min.js
[Sun Aug 30 16:55:02 2015] ::1:51561 [200]: /app/view/js/ckeditor/ckeditor.js
[Sun Aug 30 16:55:02 2015] ::1:51562 [200]: /app/view/js/bolt.min.js
[Sun Aug 30 16:55:02 2015] ::1:51564 [200]: /app/view/fonts/SourceSansPro-Semibold.woff
[Sun Aug 30 16:55:02 2015] ::1:51565 [200]: /app/view/fonts/SourceSansPro-Regular.woff
[Sun Aug 30 16:55:02 2015] ::1:51566 [200]: /app/view/fonts/fontawesome-webfont.woff?v=4.3.0
[Sun Aug 30 16:55:22 2015] ::1:51576 [200]: /app/view/css/lib.css
[Sun Aug 30 16:55:22 2015] ::1:51577 [200]: /app/view/css/bolt.css
[Sun Aug 30 16:55:22 2015] ::1:51578 [200]: /app/view/js/lib.min.js
[Sun Aug 30 16:55:22 2015] ::1:51579 [200]: /app/view/js/locale/datepicker/en_GB.min.js
[Sun Aug 30 16:55:22 2015] ::1:51580 [200]: /app/view/js/bolt.min.js
[Sun Aug 30 16:55:22 2015] ::1:51581 [200]: /app/view/js/locale/moment/en_GB.min.js
[Sun Aug 30 16:55:23 2015] ::1:51589 [200]: /app/view/fonts/SourceSansPro-Semibold.woff
[Sun Aug 30 16:55:23 2015] ::1:51590 [200]: /app/view/fonts/fontawesome-webfont.woff?v=4.3.0
[Sun Aug 30 16:55:23 2015] ::1:51591 [200]: /app/view/fonts/SourceSansPro-Regular.woff
[Sun Aug 30 16:55:34 2015] ::1:51599 [200]: /app/view/css/lib.css
[Sun Aug 30 16:55:34 2015] ::1:51600 [200]: /app/view/css/bolt.css
[Sun Aug 30 16:55:34 2015] ::1:51601 [200]: /app/view/js/lib.min.js
[Sun Aug 30 16:55:34 2015] ::1:51602 [200]: /app/view/js/locale/datepicker/en_GB.min.js
[Sun Aug 30 16:55:34 2015] ::1:51603 [200]: /app/view/js/bolt.min.js
[Sun Aug 30 16:55:34 2015] ::1:51604 [200]: /app/view/js/locale/moment/en_GB.min.js
[Sun Aug 30 16:55:35 2015] ::1:51611 [200]: /app/view/fonts/SourceSansPro-Semibold.woff
[Sun Aug 30 16:55:35 2015] ::1:51612 [200]: /app/view/fonts/fontawesome-webfont.woff?v=4.3.0
[Sun Aug 30 16:55:35 2015] ::1:51613 [200]: /app/view/fonts/SourceSansPro-Regular.woff
[Sun Aug 30 16:55:40 2015] ::1:51615 [200]: /app/view/css/lib.css
[Sun Aug 30 16:55:40 2015] ::1:51616 [200]: /app/view/css/bolt.css
[Sun Aug 30 16:55:40 2015] ::1:51618 [200]: /app/view/js/locale/datepicker/en_GB.min.js
[Sun Aug 30 16:55:40 2015] ::1:51617 [200]: /app/view/js/lib.min.js
[Sun Aug 30 16:55:40 2015] ::1:51619 [200]: /app/view/js/bolt.min.js
[Sun Aug 30 16:55:40 2015] ::1:51620 [200]: /app/view/js/locale/moment/en_GB.min.js
[Sun Aug 30 16:55:41 2015] ::1:51627 [200]: /app/view/fonts/SourceSansPro-Semibold.woff
[Sun Aug 30 16:55:41 2015] ::1:51628 [200]: /app/view/fonts/SourceSansPro-Regular.woff
[Sun Aug 30 16:55:41 2015] ::1:51629 [200]: /app/view/fonts/fontawesome-webfont.woff?v=4.3.0
[Sun Aug 30 16:55:41 2015] ::1:51631 [200]: /app/view/css/lib.css
[Sun Aug 30 16:55:41 2015] ::1:51632 [200]: /app/view/css/bolt.css
[Sun Aug 30 16:55:41 2015] ::1:51633 [200]: /app/view/js/lib.min.js
[Sun Aug 30 16:55:41 2015] ::1:51634 [200]: /app/view/js/locale/datepicker/en_GB.min.js
[Sun Aug 30 16:55:41 2015] ::1:51636 [200]: /app/view/js/locale/moment/en_GB.min.js
[Sun Aug 30 16:55:41 2015] ::1:51635 [200]: /app/view/js/bolt.min.js
[Sun Aug 30 16:55:42 2015] ::1:51641 [200]: /app/view/fonts/SourceSansPro-Semibold.woff
[Sun Aug 30 16:55:42 2015] ::1:51642 [200]: /app/view/fonts/SourceSansPro-Regular.woff
[Sun Aug 30 16:55:42 2015] ::1:51643 [200]: /app/view/fonts/fontawesome-webfont.woff?v=4.3.0
[Sun Aug 30 16:56:06 2015] ::1:51646 [200]: /theme/aaronstockdill/css/master.css
[Sun Aug 30 16:56:06 2015] ::1:51647 [200]: /theme/aaronstockdill/scripts/min/main-min.js
[Sun Aug 30 16:56:07 2015] ::1:51650 [200]: /theme/aaronstockdill/css/cmunrm.otf
[Sun Aug 30 16:56:42 2015] ::1:51655 [200]: /files/configure-disc-jockey-disco-1504.jpg
[Sun Aug 30 16:56:50 2015] ::1:51656 [200]: /files/configure-disc-jockey-disco-1504.jpg
[Sun Aug 30 16:59:18 2015] ::1:51678 [200]: /theme/aaronstockdill/css/master.css
[Sun Aug 30 16:59:18 2015] ::1:51682 [200]: /theme/aaronstockdill/scripts/min/main-min.js
[Sun Aug 30 16:59:18 2015] ::1:51684 [200]: /theme/aaronstockdill/css/cmunrm.otf
[Sun Aug 30 16:59:41 2015] ::1:51698 [200]: /theme/aaronstockdill/css/master.css
[Sun Aug 30 16:59:42 2015] ::1:51702 [200]: /theme/aaronstockdill/scripts/min/main-min.js
[Sun Aug 30 16:59:42 2015] ::1:51703 [200]: /theme/aaronstockdill/css/cmunrm.otf
[Sun Aug 30 16:59:50 2015] ::1:51713 [200]: /theme/aaronstockdill/css/master.css
[Sun Aug 30 16:59:50 2015] ::1:51717 [200]: /theme/aaronstockdill/scripts/min/main-min.js
[Sun Aug 30 16:59:50 2015] ::1:51718 [200]: /theme/aaronstockdill/css/cmunrm.otf
[Sun Aug 30 17:00:07 2015] ::1:51731 [200]: /theme/aaronstockdill/css/master.css
[Sun Aug 30 17:00:07 2015] ::1:51732 [200]: /theme/aaronstockdill/scripts/min/main-min.js
[Sun Aug 30 17:00:08 2015] ::1:51736 [200]: /theme/aaronstockdill/css/cmunrm.otf
[Sun Aug 30 17:00:13 2015] ::1:51746 [200]: /theme/aaronstockdill/scripts/min/main-min.js
[Sun Aug 30 17:00:13 2015] ::1:51744 [200]: /theme/aaronstockdill/css/master.css
[Sun Aug 30 17:00:13 2015] ::1:51748 [200]: /theme/aaronstockdill/css/cmunrm.otf
[Sun Aug 30 17:00:59 2015] ::1:51754 [200]: /theme/aaronstockdill/scripts/min/main-min.js
[Sun Aug 30 17:00:59 2015] ::1:51752 [200]: /theme/aaronstockdill/css/master.css
[Sun Aug 30 17:01:00 2015] ::1:51756 [200]: /theme/aaronstockdill/css/cmunrm.otf
[Sun Aug 30 17:01:01 2015] ::1:51761 [200]: /theme/aaronstockdill/css/master.css
[Sun Aug 30 17:01:01 2015] ::1:51765 [200]: /theme/aaronstockdill/scripts/min/main-min.js
[Sun Aug 30 17:01:02 2015] ::1:51766 [200]: /theme/aaronstockdill/css/cmunrm.otf
[Sun Aug 30 17:01:33 2015] ::1:51775 [200]: /theme/aaronstockdill/css/master.css
[Sun Aug 30 17:01:33 2015] ::1:51776 [200]: /theme/aaronstockdill/scripts/min/main-min.js
[Sun Aug 30 17:01:33 2015] ::1:51778 [200]: /theme/aaronstockdill/css/cmunrm.otf
[Sun Aug 30 17:01:56 2015] ::1:51782 [200]: /theme/aaronstockdill/scripts/min/main-min.js
[Sun Aug 30 17:01:56 2015] ::1:51780 [200]: /theme/aaronstockdill/css/master.css
[Sun Aug 30 17:01:56 2015] ::1:51784 [200]: /theme/aaronstockdill/css/cmunrm.otf
[Sun Aug 30 17:02:19 2015] ::1:51788 [200]: /theme/aaronstockdill/scripts/min/main-min.js
[Sun Aug 30 17:02:19 2015] ::1:51789 [200]: /theme/aaronstockdill/css/master.css
[Sun Aug 30 17:02:20 2015] ::1:51793 [200]: /theme/aaronstockdill/css/cmunrm.otf
[Sun Aug 30 17:02:26 2015] ::1:51796 [200]: /theme/aaronstockdill/css/master.css
[Sun Aug 30 17:02:26 2015] ::1:51797 [200]: /theme/aaronstockdill/scripts/min/main-min.js
[Sun Aug 30 17:02:27 2015] ::1:51799 [200]: /theme/aaronstockdill/css/cmunrm.otf
[Sun Aug 30 17:02:38 2015] ::1:51801 [200]: /theme/aaronstockdill/css/master.css
[Sun Aug 30 17:02:38 2015] ::1:51803 [200]: /theme/aaronstockdill/scripts/min/main-min.js
[Sun Aug 30 17:02:38 2015] ::1:51805 [200]: /theme/aaronstockdill/css/cmunrm.otf
[Sun Aug 30 17:02:48 2015] ::1:51809 [200]: /theme/aaronstockdill/css/master.css
[Sun Aug 30 17:02:48 2015] ::1:51811 [200]: /theme/aaronstockdill/scripts/min/main-min.js
[Sun Aug 30 17:02:48 2015] ::1:51813 [200]: /theme/aaronstockdill/css/cmunrm.otf
[Sun Aug 30 17:02:51 2015] ::1:51816 [200]: /theme/aaronstockdill/css/master.css
[Sun Aug 30 17:02:51 2015] ::1:51817 [200]: /theme/aaronstockdill/scripts/min/main-min.js
[Sun Aug 30 17:02:52 2015] ::1:51819 [200]: /theme/aaronstockdill/css/cmunrm.otf
[Sun Aug 30 17:02:53 2015] ::1:51821 [200]: /theme/aaronstockdill/css/master.css
[Sun Aug 30 17:02:54 2015] ::1:51823 [200]: /theme/aaronstockdill/scripts/min/main-min.js
[Sun Aug 30 17:02:54 2015] ::1:51825 [200]: /theme/aaronstockdill/css/cmunrm.otf
[Sun Aug 30 17:02:55 2015] ::1:51828 [200]: /theme/aaronstockdill/css/master.css
[Sun Aug 30 17:02:55 2015] ::1:51829 [200]: /theme/aaronstockdill/scripts/min/main-min.js
[Sun Aug 30 17:02:56 2015] ::1:51831 [200]: /theme/aaronstockdill/css/cmunrm.otf
[Sun Aug 30 17:02:58 2015] ::1:51833 [200]: /theme/aaronstockdill/css/master.css
[Sun Aug 30 17:02:58 2015] ::1:51837 [200]: /theme/aaronstockdill/scripts/min/main-min.js
[Sun Aug 30 17:02:58 2015] ::1:51838 [200]: /theme/aaronstockdill/css/cmunrm.otf
[Sun Aug 30 17:03:28 2015] ::1:51845 [200]: /app/view/css/lib.css
[Sun Aug 30 17:03:28 2015] ::1:51846 [200]: /app/view/css/bolt.css
[Sun Aug 30 17:03:28 2015] ::1:51847 [200]: /app/view/js/locale/datepicker/en_GB.min.js
[Sun Aug 30 17:03:28 2015] ::1:51850 [200]: /app/view/js/locale/moment/en_GB.min.js
[Sun Aug 30 17:03:28 2015] ::1:51849 [200]: /app/view/js/bolt.min.js
[Sun Aug 30 17:03:28 2015] ::1:51848 [200]: /app/view/js/lib.min.js
[Sun Aug 30 17:03:28 2015] ::1:51852 [200]: /app/view/fonts/fontawesome-webfont.woff?v=4.3.0
[Sun Aug 30 17:03:28 2015] ::1:51853 [200]: /app/view/fonts/SourceSansPro-Semibold.woff
[Sun Aug 30 17:03:28 2015] ::1:51854 [200]: /app/view/fonts/SourceSansPro-Regular.woff
[Sun Aug 30 17:03:34 2015] ::1:51858 [200]: /app/view/css/bolt.css
[Sun Aug 30 17:03:34 2015] ::1:51857 [200]: /app/view/css/lib.css
[Sun Aug 30 17:03:34 2015] ::1:51861 [200]: /app/view/js/bolt.min.js
[Sun Aug 30 17:03:34 2015] ::1:51859 [200]: /app/view/js/locale/datepicker/en_GB.min.js
[Sun Aug 30 17:03:34 2015] ::1:51860 [200]: /app/view/js/lib.min.js
[Sun Aug 30 17:03:34 2015] ::1:51862 [200]: /app/view/js/locale/moment/en_GB.min.js
[Sun Aug 30 17:03:35 2015] ::1:51864 [200]: /app/view/fonts/SourceSansPro-Semibold.woff
[Sun Aug 30 17:03:35 2015] ::1:51865 [200]: /app/view/fonts/SourceSansPro-Regular.woff
[Sun Aug 30 17:03:35 2015] ::1:51866 [200]: /app/view/fonts/fontawesome-webfont.woff?v=4.3.0
[Sun Aug 30 17:03:46 2015] ::1:51868 [200]: /app/view/css/lib.css
[Sun Aug 30 17:03:46 2015] ::1:51869 [200]: /app/view/css/bolt.css
[Sun Aug 30 17:03:46 2015] ::1:51870 [200]: /app/view/js/locale/datepicker/en_GB.min.js
[Sun Aug 30 17:03:46 2015] ::1:51871 [200]: /app/view/js/lib.min.js
[Sun Aug 30 17:03:46 2015] ::1:51872 [200]: /app/view/js/bolt.min.js
[Sun Aug 30 17:03:46 2015] ::1:51873 [200]: /app/view/js/locale/moment/en_GB.min.js
[Sun Aug 30 17:03:46 2015] ::1:51876 [200]: /app/view/fonts/SourceSansPro-Regular.woff
[Sun Aug 30 17:03:46 2015] ::1:51875 [200]: /app/view/fonts/SourceSansPro-Semibold.woff
[Sun Aug 30 17:03:46 2015] ::1:51877 [200]: /app/view/fonts/fontawesome-webfont.woff?v=4.3.0
[Sun Aug 30 17:03:50 2015] ::1:51879 [200]: /app/view/css/lib.css
[Sun Aug 30 17:03:50 2015] ::1:51880 [200]: /app/view/css/bolt.css
[Sun Aug 30 17:03:50 2015] ::1:51881 [200]: /app/view/js/lib.min.js
[Sun Aug 30 17:03:50 2015] ::1:51883 [200]: /app/view/js/locale/moment/en_GB.min.js
[Sun Aug 30 17:03:50 2015] ::1:51882 [200]: /app/view/js/locale/datepicker/en_GB.min.js
[Sun Aug 30 17:03:50 2015] ::1:51885 [200]: /app/view/js/ckeditor/plugins/codemirror/css/codemirror.min.css
[Sun Aug 30 17:03:50 2015] ::1:51886 [200]: /app/view/js/ckeditor/plugins/codemirror/plugins/yaml.min.js
[Sun Aug 30 17:03:50 2015] ::1:51884 [200]: /app/view/js/ckeditor/plugins/codemirror/js/codemirror.min.js
[Sun Aug 30 17:03:50 2015] ::1:51888 [200]: /app/view/js/bolt.min.js
[Sun Aug 30 17:03:50 2015] ::1:51887 [200]: /app/view/js/ckeditor/ckeditor.js
[Sun Aug 30 17:03:50 2015] ::1:51890 [200]: /app/view/fonts/SourceSansPro-Semibold.woff
[Sun Aug 30 17:03:50 2015] ::1:51891 [200]: /app/view/fonts/fontawesome-webfont.woff?v=4.3.0
[Sun Aug 30 17:03:50 2015] ::1:51892 [200]: /app/view/fonts/SourceSansPro-Regular.woff
[Sun Aug 30 17:04:20 2015] ::1:51895 [200]: /app/view/css/lib.css
[Sun Aug 30 17:04:20 2015] ::1:51896 [200]: /app/view/css/bolt.css
[Sun Aug 30 17:04:20 2015] ::1:51897 [200]: /app/view/js/locale/datepicker/en_GB.min.js
[Sun Aug 30 17:04:20 2015] ::1:51898 [200]: /app/view/js/lib.min.js
[Sun Aug 30 17:04:20 2015] ::1:51899 [200]: /app/view/js/locale/moment/en_GB.min.js
[Sun Aug 30 17:04:20 2015] ::1:51900 [200]: /app/view/js/ckeditor/plugins/codemirror/js/codemirror.min.js
[Sun Aug 30 17:04:20 2015] ::1:51901 [200]: /app/view/js/ckeditor/plugins/codemirror/css/codemirror.min.css
[Sun Aug 30 17:04:20 2015] ::1:51902 [200]: /app/view/js/ckeditor/plugins/codemirror/plugins/yaml.min.js
[Sun Aug 30 17:04:20 2015] ::1:51903 [200]: /app/view/js/bolt.min.js
[Sun Aug 30 17:04:20 2015] ::1:51904 [200]: /app/view/js/ckeditor/ckeditor.js
[Sun Aug 30 17:04:20 2015] ::1:51906 [200]: /app/view/fonts/fontawesome-webfont.woff?v=4.3.0
[Sun Aug 30 17:04:20 2015] ::1:51907 [200]: /app/view/fonts/SourceSansPro-Regular.woff
[Sun Aug 30 17:04:20 2015] ::1:51908 [200]: /app/view/fonts/SourceSansPro-Semibold.woff
[Sun Aug 30 17:04:36 2015] ::1:51913 [200]: /theme/aaronstockdill/css/master.css
[Sun Aug 30 17:04:36 2015] ::1:51917 [200]: /theme/aaronstockdill/scripts/min/main-min.js
[Sun Aug 30 17:04:36 2015] ::1:51918 [200]: /theme/aaronstockdill/css/cmunrm.otf
[Sun Aug 30 17:04:41 2015] ::1:51924 [200]: /theme/aaronstockdill/css/master.css
[Sun Aug 30 17:04:41 2015] ::1:51926 [200]: /theme/aaronstockdill/scripts/min/main-min.js
[Sun Aug 30 17:04:41 2015] ::1:51928 [200]: /theme/aaronstockdill/css/cmunrm.otf
[Sun Aug 30 17:05:42 2015] ::1:51935 [200]: /theme/aaronstockdill/css/master.css
[Sun Aug 30 17:05:42 2015] ::1:51937 [200]: /theme/aaronstockdill/scripts/min/main-min.js
[Sun Aug 30 17:05:42 2015] ::1:51939 [200]: /theme/aaronstockdill/css/cmunrm.otf
[Sun Aug 30 17:05:45 2015] ::1:51943 [200]: /theme/aaronstockdill/scripts/min/main-min.js
[Sun Aug 30 17:05:45 2015] ::1:51942 [200]: /theme/aaronstockdill/css/master.css
[Sun Aug 30 17:05:46 2015] ::1:51945 [200]: /theme/aaronstockdill/css/cmunrm.otf
[Sun Aug 30 17:05:50 2015] ::1:51947 [200]: /theme/aaronstockdill/css/master.css
[Sun Aug 30 17:05:50 2015] ::1:51951 [200]: /theme/aaronstockdill/scripts/min/main-min.js
[Sun Aug 30 17:05:50 2015] ::1:51952 [200]: /theme/aaronstockdill/css/cmunrm.otf
[Sun Aug 30 17:05:51 2015] ::1:51956 [200]: /theme/aaronstockdill/css/master.css
[Sun Aug 30 17:05:51 2015] ::1:51957 [200]: /theme/aaronstockdill/scripts/min/main-min.js
[Sun Aug 30 17:05:51 2015] ::1:51959 [200]: /theme/aaronstockdill/css/cmunrm.otf
[Sun Aug 30 17:05:53 2015] ::1:51961 [200]: /theme/aaronstockdill/css/master.css
[Sun Aug 30 17:05:54 2015] ::1:51963 [200]: /theme/aaronstockdill/scripts/min/main-min.js
[Sun Aug 30 17:05:54 2015] ::1:51965 [200]: /theme/aaronstockdill/css/cmunrm.otf
[Sun Aug 30 17:05:58 2015] ::1:51967 [200]: /theme/aaronstockdill/css/master.css
[Sun Aug 30 17:05:58 2015] ::1:51969 [200]: /theme/aaronstockdill/scripts/min/main-min.js
[Sun Aug 30 17:05:59 2015] ::1:51971 [200]: /theme/aaronstockdill/css/cmunrm.otf
[Sun Aug 30 17:06:04 2015] ::1:51973 [200]: /theme/aaronstockdill/css/master.css
[Sun Aug 30 17:06:04 2015] ::1:51977 [200]: /theme/aaronstockdill/scripts/min/main-min.js
[Sun Aug 30 17:06:05 2015] ::1:51978 [200]: /theme/aaronstockdill/css/cmunrm.otf
[Sun Aug 30 17:06:43 2015] ::1:51983 [200]: /app/view/css/lib.css
[Sun Aug 30 17:06:43 2015] ::1:51984 [200]: /app/view/css/bolt.css
[Sun Aug 30 17:06:43 2015] ::1:51985 [200]: /app/view/js/lib.min.js
[Sun Aug 30 17:06:43 2015] ::1:51986 [200]: /app/view/js/locale/datepicker/en_GB.min.js
[Sun Aug 30 17:06:43 2015] ::1:51987 [200]: /app/view/js/locale/moment/en_GB.min.js
[Sun Aug 30 17:06:43 2015] ::1:51988 [200]: /app/view/js/bolt.min.js
[Sun Aug 30 17:06:43 2015] ::1:51993 [200]: /app/view/fonts/SourceSansPro-Semibold.woff
[Sun Aug 30 17:06:43 2015] ::1:51995 [200]: /app/view/fonts/fontawesome-webfont.woff?v=4.3.0
[Sun Aug 30 17:06:43 2015] ::1:51994 [200]: /app/view/fonts/SourceSansPro-Regular.woff
[Sun Aug 30 17:06:44 2015] ::1:51997 [200]: /app/view/css/lib.css
[Sun Aug 30 17:06:44 2015] ::1:51998 [200]: /app/view/css/bolt.css
[Sun Aug 30 17:06:44 2015] ::1:51999 [200]: /app/view/js/lib.min.js
[Sun Aug 30 17:06:44 2015] ::1:52000 [200]: /app/view/js/locale/datepicker/en_GB.min.js
[Sun Aug 30 17:06:44 2015] ::1:52001 [200]: /app/view/js/bolt.min.js
[Sun Aug 30 17:06:44 2015] ::1:52002 [200]: /app/view/js/locale/moment/en_GB.min.js
[Sun Aug 30 17:06:45 2015] ::1:52009 [200]: /app/view/fonts/SourceSansPro-Semibold.woff
[Sun Aug 30 17:06:45 2015] ::1:52010 [200]: /app/view/fonts/SourceSansPro-Regular.woff
[Sun Aug 30 17:06:45 2015] ::1:52011 [200]: /app/view/fonts/fontawesome-webfont.woff?v=4.3.0
[Sun Aug 30 17:06:46 2015] ::1:52014 [200]: /app/view/css/bolt.css
[Sun Aug 30 17:06:46 2015] ::1:52013 [200]: /app/view/css/lib.css
[Sun Aug 30 17:06:46 2015] ::1:52016 [200]: /app/view/js/locale/datepicker/en_GB.min.js
[Sun Aug 30 17:06:46 2015] ::1:52015 [200]: /app/view/js/lib.min.js
[Sun Aug 30 17:06:46 2015] ::1:52017 [200]: /app/view/js/bolt.min.js
[Sun Aug 30 17:06:46 2015] ::1:52018 [200]: /app/view/js/locale/moment/en_GB.min.js
[Sun Aug 30 17:06:46 2015] ::1:52023 [200]: /app/view/fonts/SourceSansPro-Semibold.woff
[Sun Aug 30 17:06:46 2015] ::1:52024 [200]: /app/view/fonts/SourceSansPro-Regular.woff
[Sun Aug 30 17:06:46 2015] ::1:52025 [200]: /app/view/fonts/fontawesome-webfont.woff?v=4.3.0
[Sun Aug 30 17:06:51 2015] ::1:52031 [200]: /theme/aaronstockdill/scripts/min/main-min.js
[Sun Aug 30 17:06:51 2015] ::1:52027 [200]: /theme/aaronstockdill/css/master.css
[Sun Aug 30 17:06:52 2015] ::1:52034 [200]: /theme/aaronstockdill/css/cmunrm.otf
[Sun Aug 30 17:07:05 2015] ::1:52039 [200]: /theme/aaronstockdill/css/master.css
[Sun Aug 30 17:07:05 2015] ::1:52041 [200]: /theme/aaronstockdill/scripts/min/main-min.js
[Sun Aug 30 17:07:05 2015] ::1:52044 [200]: /theme/aaronstockdill/css/cmunrm.otf
[Sun Aug 30 17:07:12 2015] ::1:52050 [200]: /theme/aaronstockdill/scripts/min/main-min.js
[Sun Aug 30 17:07:12 2015] ::1:52046 [200]: /theme/aaronstockdill/css/master.css
[Sun Aug 30 17:07:12 2015] ::1:52052 [200]: /theme/aaronstockdill/css/cmunrm.otf
[Sun Aug 30 17:07:22 2015] ::1:52056 [200]: /theme/aaronstockdill/css/master.css
[Sun Aug 30 17:07:22 2015] ::1:52057 [200]: /theme/aaronstockdill/scripts/min/main-min.js
[Sun Aug 30 17:07:22 2015] ::1:52059 [200]: /theme/aaronstockdill/css/cmunrm.otf
[Sun Aug 30 17:07:37 2015] ::1:52061 [200]: /app/view/css/lib.css
[Sun Aug 30 17:07:37 2015] ::1:52062 [200]: /app/view/css/bolt.css
[Sun Aug 30 17:07:37 2015] ::1:52064 [200]: /app/view/js/lib.min.js
[Sun Aug 30 17:07:37 2015] ::1:52063 [200]: /app/view/js/locale/datepicker/en_GB.min.js
[Sun Aug 30 17:07:37 2015] ::1:52065 [200]: /app/view/js/locale/moment/en_GB.min.js
[Sun Aug 30 17:07:37 2015] ::1:52068 [200]: /app/view/js/ckeditor/plugins/codemirror/plugins/yaml.min.js
[Sun Aug 30 17:07:37 2015] ::1:52066 [200]: /app/view/js/ckeditor/plugins/codemirror/css/codemirror.min.css
[Sun Aug 30 17:07:37 2015] ::1:52067 [200]: /app/view/js/ckeditor/plugins/codemirror/js/codemirror.min.js
[Sun Aug 30 17:07:37 2015] ::1:52069 [200]: /app/view/js/bolt.min.js
[Sun Aug 30 17:07:37 2015] ::1:52070 [200]: /app/view/js/ckeditor/ckeditor.js
[Sun Aug 30 17:07:37 2015] ::1:52072 [200]: /app/view/fonts/fontawesome-webfont.woff?v=4.3.0
[Sun Aug 30 17:07:37 2015] ::1:52073 [200]: /app/view/fonts/SourceSansPro-Regular.woff
[Sun Aug 30 17:07:37 2015] ::1:52074 [200]: /app/view/fonts/SourceSansPro-Semibold.woff
[Sun Aug 30 17:07:48 2015] ::1:52076 [200]: /theme/aaronstockdill/css/master.css
[Sun Aug 30 17:07:48 2015] ::1:52077 [200]: /theme/aaronstockdill/scripts/min/main-min.js
[Sun Aug 30 17:07:48 2015] ::1:52079 [200]: /theme/aaronstockdill/css/cmunrm.otf
[Sun Aug 30 17:08:07 2015] ::1:52082 [200]: /theme/aaronstockdill/css/master.css
[Sun Aug 30 17:08:07 2015] ::1:52086 [200]: /theme/aaronstockdill/scripts/min/main-min.js
[Sun Aug 30 17:08:07 2015] ::1:52087 [200]: /theme/aaronstockdill/css/cmunrm.otf
[Sun Aug 30 17:08:49 2015] ::1:52131 [200]: /theme/aaronstockdill/scripts/min/main-min.js
[Sun Aug 30 17:08:49 2015] ::1:52127 [200]: /theme/aaronstockdill/css/master.css
[Sun Aug 30 17:08:50 2015] ::1:52134 [200]: /theme/aaronstockdill/css/cmunrm.otf
[Sun Aug 30 17:08:54 2015] ::1:52140 [200]: /app/view/css/lib.css
[Sun Aug 30 17:08:54 2015] ::1:52141 [200]: /app/view/css/bolt.css
[Sun Aug 30 17:08:54 2015] ::1:52142 [200]: /app/view/js/lib.min.js
[Sun Aug 30 17:08:54 2015] ::1:52143 [200]: /app/view/js/locale/datepicker/en_GB.min.js
[Sun Aug 30 17:08:54 2015] ::1:52144 [200]: /app/view/js/bolt.min.js
[Sun Aug 30 17:08:54 2015] ::1:52145 [200]: /app/view/js/locale/moment/en_GB.min.js
[Sun Aug 30 17:08:55 2015] ::1:52150 [200]: /app/view/fonts/fontawesome-webfont.woff?v=4.3.0
[Sun Aug 30 17:08:55 2015] ::1:52151 [200]: /app/view/fonts/SourceSansPro-Regular.woff
[Sun Aug 30 17:08:55 2015] ::1:52152 [200]: /app/view/fonts/SourceSansPro-Semibold.woff
[Sun Aug 30 17:08:57 2015] ::1:52154 [200]: /app/view/css/lib.css
[Sun Aug 30 17:08:57 2015] ::1:52155 [200]: /app/view/css/bolt.css
[Sun Aug 30 17:08:57 2015] ::1:52157 [200]: /app/view/js/lib.min.js
[Sun Aug 30 17:08:57 2015] ::1:52158 [200]: /app/view/js/bolt.min.js
[Sun Aug 30 17:08:57 2015] ::1:52159 [200]: /app/view/js/locale/moment/en_GB.min.js
[Sun Aug 30 17:08:57 2015] ::1:52156 [200]: /app/view/js/locale/datepicker/en_GB.min.js
[Sun Aug 30 17:08:57 2015] ::1:52164 [200]: /app/view/fonts/SourceSansPro-Semibold.woff
[Sun Aug 30 17:08:57 2015] ::1:52165 [200]: /app/view/fonts/SourceSansPro-Regular.woff
[Sun Aug 30 17:08:57 2015] ::1:52166 [200]: /app/view/fonts/fontawesome-webfont.woff?v=4.3.0
[Sun Aug 30 17:09:09 2015] ::1:52169 [200]: /app/view/css/lib.css
[Sun Aug 30 17:09:09 2015] ::1:52170 [200]: /app/view/css/bolt.css
[Sun Aug 30 17:09:09 2015] ::1:52172 [200]: /app/view/js/locale/datepicker/en_GB.min.js
[Sun Aug 30 17:09:09 2015] ::1:52173 [200]: /app/view/js/locale/moment/en_GB.min.js
[Sun Aug 30 17:09:09 2015] ::1:52174 [200]: /app/view/js/bolt.min.js
[Sun Aug 30 17:09:09 2015] ::1:52171 [200]: /app/view/js/lib.min.js
[Sun Aug 30 17:09:09 2015] ::1:52179 [200]: /app/view/fonts/fontawesome-webfont.woff?v=4.3.0
[Sun Aug 30 17:09:09 2015] ::1:52181 [200]: /app/view/fonts/SourceSansPro-Semibold.woff
[Sun Aug 30 17:09:09 2015] ::1:52180 [200]: /app/view/fonts/SourceSansPro-Regular.woff
[Sun Aug 30 17:09:17 2015] ::1:52191 [200]: /app/view/css/lib.css
[Sun Aug 30 17:09:17 2015] ::1:52192 [200]: /app/view/css/bolt.css
[Sun Aug 30 17:09:17 2015] ::1:52194 [200]: /app/view/js/lib.min.js
[Sun Aug 30 17:09:17 2015] ::1:52193 [200]: /app/view/js/locale/datepicker/en_GB.min.js
[Sun Aug 30 17:09:17 2015] ::1:52196 [200]: /app/view/js/bolt.min.js
[Sun Aug 30 17:09:17 2015] ::1:52195 [200]: /app/view/js/locale/moment/en_GB.min.js
[Sun Aug 30 17:09:18 2015] ::1:52202 [200]: /app/view/fonts/SourceSansPro-Semibold.woff
[Sun Aug 30 17:09:18 2015] ::1:52201 [200]: /app/view/fonts/fontawesome-webfont.woff?v=4.3.0
[Sun Aug 30 17:09:18 2015] ::1:52203 [200]: /app/view/fonts/SourceSansPro-Regular.woff
[Sun Aug 30 17:09:26 2015] ::1:52205 [200]: /app/view/css/lib.css
[Sun Aug 30 17:09:26 2015] ::1:52206 [200]: /app/view/css/bolt.css
[Sun Aug 30 17:09:26 2015] ::1:52207 [200]: /app/view/js/lib.min.js
[Sun Aug 30 17:09:26 2015] ::1:52208 [200]: /app/view/js/locale/datepicker/en_GB.min.js
[Sun Aug 30 17:09:26 2015] ::1:52209 [200]: /app/view/js/locale/moment/en_GB.min.js
[Sun Aug 30 17:09:26 2015] ::1:52210 [200]: /app/view/js/bolt.min.js
[Sun Aug 30 17:09:26 2015] ::1:52216 [200]: /app/view/fonts/SourceSansPro-Regular.woff
[Sun Aug 30 17:09:26 2015] ::1:52215 [200]: /app/view/fonts/SourceSansPro-Semibold.woff
[Sun Aug 30 17:09:26 2015] ::1:52217 [200]: /app/view/fonts/fontawesome-webfont.woff?v=4.3.0
[Sun Aug 30 17:09:28 2015] ::1:52221 [200]: /app/view/css/lib.css
[Sun Aug 30 17:09:28 2015] ::1:52222 [200]: /app/view/css/bolt.css
[Sun Aug 30 17:09:28 2015] ::1:52223 [200]: /app/view/js/lib.min.js
[Sun Aug 30 17:09:28 2015] ::1:52224 [200]: /app/view/js/locale/datepicker/en_GB.min.js
[Sun Aug 30 17:09:28 2015] ::1:52226 [200]: /app/view/js/bolt.min.js
[Sun Aug 30 17:09:28 2015] ::1:52225 [200]: /app/view/js/locale/moment/en_GB.min.js
[Sun Aug 30 17:09:29 2015] ::1:52231 [200]: /app/view/fonts/SourceSansPro-Semibold.woff
[Sun Aug 30 17:09:29 2015] ::1:52232 [200]: /app/view/fonts/fontawesome-webfont.woff?v=4.3.0
[Sun Aug 30 17:09:29 2015] ::1:52233 [200]: /app/view/fonts/SourceSansPro-Regular.woff
[Sun Aug 30 17:09:47 2015] ::1:52236 [200]: /app/view/css/lib.css
[Sun Aug 30 17:09:47 2015] ::1:52237 [200]: /app/view/css/bolt.css
[Sun Aug 30 17:09:47 2015] ::1:52238 [200]: /app/view/js/lib.min.js
[Sun Aug 30 17:09:47 2015] ::1:52239 [200]: /app/view/js/locale/datepicker/en_GB.min.js
[Sun Aug 30 17:09:47 2015] ::1:52241 [200]: /app/view/js/locale/moment/en_GB.min.js
[Sun Aug 30 17:09:47 2015] ::1:52240 [200]: /app/view/js/bolt.min.js
[Sun Aug 30 17:09:47 2015] ::1:52246 [200]: /app/view/fonts/SourceSansPro-Semibold.woff
[Sun Aug 30 17:09:47 2015] ::1:52247 [200]: /app/view/fonts/fontawesome-webfont.woff?v=4.3.0
[Sun Aug 30 17:09:47 2015] ::1:52248 [200]: /app/view/fonts/SourceSansPro-Regular.woff
[Sun Aug 30 17:10:02 2015] ::1:52254 [200]: /theme/aaronstockdill/scripts/min/main-min.js
[Sun Aug 30 17:10:02 2015] ::1:52251 [200]: /theme/aaronstockdill/css/master.css
[Sun Aug 30 17:10:03 2015] ::1:52257 [200]: /theme/aaronstockdill/css/cmunrm.otf
[Sun Aug 30 17:10:08 2015] ::1:52264 [200]: /theme/aaronstockdill/css/master.css
[Sun Aug 30 17:10:08 2015] ::1:52266 [200]: /theme/aaronstockdill/scripts/min/main-min.js
[Sun Aug 30 17:10:08 2015] ::1:52268 [200]: /theme/aaronstockdill/css/cmunrm.otf
[Sun Aug 30 17:10:30 2015] ::1:52273 [200]: /theme/aaronstockdill/scripts/min/main-min.js
[Sun Aug 30 17:10:30 2015] ::1:52272 [200]: /theme/aaronstockdill/css/master.css
[Sun Aug 30 17:10:30 2015] ::1:52275 [200]: /theme/aaronstockdill/css/cmunrm.otf
[Sun Aug 30 17:10:33 2015] ::1:52278 [200]: /theme/aaronstockdill/css/master.css
[Sun Aug 30 17:10:33 2015] ::1:52279 [200]: /theme/aaronstockdill/scripts/min/main-min.js
[Sun Aug 30 17:10:33 2015] ::1:52281 [200]: /theme/aaronstockdill/css/cmunrm.otf
[Sun Aug 30 17:10:35 2015] ::1:52284 [200]: /theme/aaronstockdill/css/master.css
[Sun Aug 30 17:10:35 2015] ::1:52285 [200]: /theme/aaronstockdill/scripts/min/main-min.js
[Sun Aug 30 17:10:36 2015] ::1:52287 [200]: /theme/aaronstockdill/css/cmunrm.otf
[Sun Aug 30 17:10:38 2015] ::1:52289 [200]: /theme/aaronstockdill/css/master.css
[Sun Aug 30 17:10:38 2015] ::1:52291 [200]: /theme/aaronstockdill/scripts/min/main-min.js
[Sun Aug 30 17:10:38 2015] ::1:52293 [200]: /theme/aaronstockdill/css/cmunrm.otf
[Sun Aug 30 17:10:40 2015] ::1:52295 [200]: /theme/aaronstockdill/css/master.css
[Sun Aug 30 17:10:40 2015] ::1:52297 [200]: /theme/aaronstockdill/scripts/min/main-min.js
[Sun Aug 30 17:10:41 2015] ::1:52299 [200]: /theme/aaronstockdill/css/cmunrm.otf
[Sun Aug 30 17:10:43 2015] ::1:52303 [200]: /theme/aaronstockdill/scripts/min/main-min.js
[Sun Aug 30 17:10:43 2015] ::1:52301 [200]: /theme/aaronstockdill/css/master.css
[Sun Aug 30 17:10:43 2015] ::1:52305 [200]: /theme/aaronstockdill/css/cmunrm.otf
[Sun Aug 30 17:10:45 2015] ::1:52307 [200]: /theme/aaronstockdill/css/master.css
[Sun Aug 30 17:10:45 2015] ::1:52309 [200]: /theme/aaronstockdill/scripts/min/main-min.js
[Sun Aug 30 17:10:45 2015] ::1:52311 [200]: /theme/aaronstockdill/css/cmunrm.otf
[Sun Aug 30 17:12:28 2015] ::1:52355 [200]: /app/view/css/lib.css
[Sun Aug 30 17:12:28 2015] ::1:52356 [200]: /app/view/css/bolt.css
[Sun Aug 30 17:12:28 2015] ::1:52360 [200]: /app/view/js/ckeditor/plugins/codemirror/css/codemirror.min.css
[Sun Aug 30 17:12:28 2015] ::1:52358 [200]: /app/view/js/lib.min.js
[Sun Aug 30 17:12:28 2015] ::1:52361 [200]: /app/view/js/ckeditor/plugins/codemirror/js/codemirror.min.js
[Sun Aug 30 17:12:28 2015] ::1:52357 [200]: /app/view/js/locale/datepicker/en_GB.min.js
[Sun Aug 30 17:12:28 2015] ::1:52359 [200]: /app/view/js/locale/moment/en_GB.min.js
[Sun Aug 30 17:12:28 2015] ::1:52362 [200]: /app/view/js/ckeditor/plugins/codemirror/plugins/yaml.min.js
[Sun Aug 30 17:12:28 2015] ::1:52363 [200]: /app/view/js/ckeditor/ckeditor.js
[Sun Aug 30 17:12:28 2015] ::1:52364 [200]: /app/view/js/bolt.min.js
[Sun Aug 30 17:12:28 2015] ::1:52366 [200]: /app/view/fonts/SourceSansPro-Semibold.woff
[Sun Aug 30 17:12:28 2015] ::1:52367 [200]: /app/view/fonts/SourceSansPro-Regular.woff
[Sun Aug 30 17:12:28 2015] ::1:52368 [200]: /app/view/fonts/fontawesome-webfont.woff?v=4.3.0
[Sun Aug 30 17:12:41 2015] ::1:52370 [200]: /theme/aaronstockdill/css/master.css
[Sun Aug 30 17:12:41 2015] ::1:52372 [200]: /theme/aaronstockdill/scripts/min/main-min.js
[Sun Aug 30 17:12:41 2015] ::1:52374 [200]: /theme/aaronstockdill/css/cmunrm.otf
[Sun Aug 30 17:12:44 2015] ::1:52379 [200]: /theme/aaronstockdill/css/master.css
[Sun Aug 30 17:12:45 2015] ::1:52383 [200]: /theme/aaronstockdill/scripts/min/main-min.js
[Sun Aug 30 17:12:45 2015] ::1:52384 [200]: /theme/aaronstockdill/css/cmunrm.otf
[Sun Aug 30 17:12:47 2015] ::1:52387 [200]: /theme/aaronstockdill/css/master.css
[Sun Aug 30 17:12:47 2015] ::1:52389 [200]: /theme/aaronstockdill/scripts/min/main-min.js
[Sun Aug 30 17:12:47 2015] ::1:52391 [200]: /theme/aaronstockdill/css/cmunrm.otf
[Sun Aug 30 17:12:50 2015] ::1:52395 [200]: /theme/aaronstockdill/scripts/min/main-min.js
[Sun Aug 30 17:12:50 2015] ::1:52394 [200]: /theme/aaronstockdill/css/master.css
[Sun Aug 30 17:12:51 2015] ::1:52397 [200]: /theme/aaronstockdill/css/cmunrm.otf
[Sun Aug 30 17:12:55 2015] ::1:52399 [200]: /theme/aaronstockdill/css/master.css
[Sun Aug 30 17:12:55 2015] ::1:52403 [200]: /theme/aaronstockdill/scripts/min/main-min.js
[Sun Aug 30 17:12:55 2015] ::1:52405 [200]: /theme/aaronstockdill/css/cmunrm.otf
[Sun Aug 30 17:13:29 2015] ::1:52410 [200]: /theme/aaronstockdill/scripts/min/main-min.js
[Sun Aug 30 17:13:29 2015] ::1:52407 [200]: /theme/aaronstockdill/css/master.css
[Sun Aug 30 17:13:30 2015] ::1:52413 [200]: /theme/aaronstockdill/css/cmunrm.otf
[Sun Aug 30 17:14:01 2015] ::1:52422 [200]: /theme/aaronstockdill/css/master.css
[Sun Aug 30 17:14:01 2015] ::1:52424 [200]: /theme/aaronstockdill/scripts/min/main-min.js
[Sun Aug 30 17:14:01 2015] ::1:52426 [200]: /theme/aaronstockdill/css/cmunrm.otf
[Sun Aug 30 17:14:09 2015] ::1:52433 [200]: /theme/aaronstockdill/scripts/min/main-min.js
[Sun Aug 30 17:14:09 2015] ::1:52431 [200]: /theme/aaronstockdill/css/master.css
[Sun Aug 30 17:14:10 2015] ::1:52435 [200]: /theme/aaronstockdill/css/cmunrm.otf
[Sun Aug 30 17:14:10 2015] ::1:52436 [200]: /files/building-frame-garage-1599.jpg
[Sun Aug 30 17:14:14 2015] ::1:52438 [200]: /theme/aaronstockdill/css/master.css
[Sun Aug 30 17:14:14 2015] ::1:52440 [200]: /theme/aaronstockdill/scripts/min/main-min.js
[Sun Aug 30 17:14:15 2015] ::1:52442 [200]: /theme/aaronstockdill/css/cmunrm.otf
[Sun Aug 30 17:14:16 2015] ::1:52444 [200]: /theme/aaronstockdill/css/master.css
[Sun Aug 30 17:14:16 2015] ::1:52447 [200]: /theme/aaronstockdill/scripts/min/main-min.js
[Sun Aug 30 17:14:17 2015] ::1:52448 [200]: /theme/aaronstockdill/css/cmunrm.otf
[Sun Aug 30 17:16:19 2015] ::1:52471 [200]: /theme/aaronstockdill/scripts/min/main-min.js
[Sun Aug 30 17:16:19 2015] ::1:52468 [200]: /theme/aaronstockdill/css/master.css
[Sun Aug 30 17:16:20 2015] ::1:52473 [200]: /theme/aaronstockdill/css/cmunrm.otf
[Sun Aug 30 17:16:46 2015] ::1:52481 [200]: /theme/aaronstockdill/scripts/min/main-min.js
[Sun Aug 30 17:16:46 2015] ::1:52478 [200]: /theme/aaronstockdill/css/master.css
[Sun Aug 30 17:16:46 2015] ::1:52484 [200]: /theme/aaronstockdill/css/cmunrm.otf
[Sun Aug 30 17:17:46 2015] ::1:52493 [200]: /theme/aaronstockdill/css/master.css
[Sun Aug 30 17:17:46 2015] ::1:52496 [200]: /theme/aaronstockdill/scripts/min/main-min.js
[Sun Aug 30 17:17:47 2015] ::1:52499 [200]: /theme/aaronstockdill/css/cmunrm.otf
[Sun Aug 30 17:19:35 2015] ::1:52518 [200]: /theme/aaronstockdill/scripts/min/main-min.js
[Sun Aug 30 17:19:35 2015] ::1:52515 [200]: /theme/aaronstockdill/css/master.css
[Sun Aug 30 17:19:36 2015] ::1:52521 [200]: /theme/aaronstockdill/css/cmunrm.otf
[Sun Aug 30 17:21:34 2015] ::1:52534 [200]: /theme/aaronstockdill/css/master.css
[Sun Aug 30 17:21:34 2015] ::1:52537 [200]: /theme/aaronstockdill/scripts/min/main-min.js
[Sun Aug 30 17:21:35 2015] ::1:52540 [200]: /theme/aaronstockdill/css/cmunrm.otf
[Sun Aug 30 17:25:58 2015] ::1:52558 [200]: /theme/aaronstockdill/css/master.css
[Sun Aug 30 17:25:58 2015] ::1:52561 [200]: /theme/aaronstockdill/scripts/min/main-min.js
[Sun Aug 30 17:25:59 2015] ::1:52565 [200]: /theme/aaronstockdill/css/cmunrm.otf
[Sun Aug 30 17:26:47 2015] ::1:52572 [200]: /theme/aaronstockdill/css/master.css
[Sun Aug 30 17:26:47 2015] ::1:52574 [200]: /theme/aaronstockdill/scripts/min/main-min.js
[Sun Aug 30 17:26:47 2015] ::1:52576 [200]: /theme/aaronstockdill/css/cmunrm.otf
[Sun Aug 30 17:26:50 2015] ::1:52578 [200]: /theme/aaronstockdill/css/master.css
[Sun Aug 30 17:26:51 2015] ::1:52581 [200]: /theme/aaronstockdill/scripts/min/main-min.js
[Sun Aug 30 17:26:51 2015] ::1:52583 [200]: /theme/aaronstockdill/css/cmunrm.otf
[Sun Aug 30 17:27:06 2015] ::1:52587 [200]: /theme/aaronstockdill/css/master.css
[Sun Aug 30 17:27:06 2015] ::1:52590 [200]: /theme/aaronstockdill/scripts/min/main-min.js
[Sun Aug 30 17:27:06 2015] ::1:52591 [200]: /theme/aaronstockdill/css/cmunrm.otf
[Sun Aug 30 17:27:08 2015] ::1:52596 [200]: /theme/aaronstockdill/scripts/min/main-min.js
[Sun Aug 30 17:27:08 2015] ::1:52594 [200]: /theme/aaronstockdill/css/master.css
[Sun Aug 30 17:27:08 2015] ::1:52598 [200]: /theme/aaronstockdill/css/cmunrm.otf
[Sun Aug 30 17:27:23 2015] ::1:52606 [200]: /theme/aaronstockdill/css/master.css
[Sun Aug 30 17:27:23 2015] ::1:52607 [200]: /theme/aaronstockdill/scripts/min/main-min.js
[Sun Aug 30 17:27:23 2015] ::1:52609 [200]: /theme/aaronstockdill/css/cmunrm.otf
[Sun Aug 30 17:27:35 2015] ::1:52613 [200]: /theme/aaronstockdill/css/master.css
[Sun Aug 30 17:27:35 2015] ::1:52615 [200]: /theme/aaronstockdill/scripts/min/main-min.js
[Sun Aug 30 17:27:36 2015] ::1:52618 [200]: /theme/aaronstockdill/css/cmunrm.otf
[Sun Aug 30 17:28:23 2015] ::1:52625 [200]: /theme/aaronstockdill/css/master.css
[Sun Aug 30 17:28:24 2015] ::1:52628 [200]: /theme/aaronstockdill/scripts/min/main-min.js
[Sun Aug 30 17:28:24 2015] ::1:52630 [200]: /theme/aaronstockdill/css/cmunrm.otf
[Sun Aug 30 17:29:15 2015] ::1:52642 [200]: /theme/aaronstockdill/scripts/min/main-min.js
[Sun Aug 30 17:29:15 2015] ::1:52641 [200]: /theme/aaronstockdill/css/master.css
[Sun Aug 30 17:29:16 2015] ::1:52645 [200]: /theme/aaronstockdill/css/cmunrm.otf
[Sun Aug 30 17:31:33 2015] ::1:52668 [200]: /theme/aaronstockdill/scripts/min/main-min.js
[Sun Aug 30 17:31:33 2015] ::1:52664 [200]: /theme/aaronstockdill/css/master.css
[Sun Aug 30 17:31:34 2015] ::1:52671 [200]: /theme/aaronstockdill/css/cmunrm.otf
[Sun Aug 30 17:31:51 2015] ::1:52680 [200]: /theme/aaronstockdill/css/master.css
[Sun Aug 30 17:31:51 2015] ::1:52681 [200]: /theme/aaronstockdill/scripts/min/main-min.js
[Sun Aug 30 17:31:51 2015] ::1:52683 [200]: /theme/aaronstockdill/css/cmunrm.otf
[Sun Aug 30 17:31:57 2015] ::1:52685 [200]: /theme/aaronstockdill/css/master.css
[Sun Aug 30 17:31:57 2015] ::1:52687 [200]: /theme/aaronstockdill/scripts/min/main-min.js
[Sun Aug 30 17:31:57 2015] ::1:52689 [200]: /theme/aaronstockdill/css/cmunrm.otf
[Sun Aug 30 17:32:02 2015] ::1:52696 [200]: /theme/aaronstockdill/scripts/min/main-min.js
[Sun Aug 30 17:32:02 2015] ::1:52692 [200]: /theme/aaronstockdill/css/master.css
[Sun Aug 30 17:32:02 2015] ::1:52699 [200]: /theme/aaronstockdill/css/cmunrm.otf
